# JRE version: OpenJDK Runtime Environment (21.0.3) (build 21.0.3+-12282718-b509.11)
# Java VM: OpenJDK 64-Bit Server VM (21.0.3+-12282718-b509.11, mixed mode, tiered, compressed oops, compressed class ptrs, g1 gc, windows-amd64)
GC Precious Log:
 CardTable entry size: 512
 Card Set container configuration: InlinePtr #cards 5 size 8 Array Of Cards #cards 12 size 40 Howl #buckets 4 coarsen threshold 1843 Howl Bitmap #cards 512 size 80 coarsen threshold 460 Card regions per heap region 1 cards per card region 2048
 CPUs: 8 total, 8 available
 Memory: 16077M
 Large Page Support: Disabled
 NUMA Support: Disabled
 Compressed Oops: Enabled (32-bit)
 Heap Region Size: 1M
 Heap Min Capacity: 8M
 Heap Initial Capacity: 252M
 Heap Max Capacity: 2G
 Pre-touch: Disabled
 Parallel Workers: 8
 Concurrent Workers: 2
 Concurrent Refinement Workers: 8
 Periodic GC: Disabled
Heap:
 garbage-first heap   total 363520K, used 292859K [0x0000000080000000, 0x0000000100000000)
  region size 1024K, 82 young (83968K), 10 survivors (10240K)
 Metaspace       used 123570K, committed 125760K, reserved 1179648K
  class space    used 16439K, committed 17536K, reserved 1048576K
GC Heap History (20 events):
Event: 22.246 GC heap before
{Heap before GC invocations=42 (full 0):
 garbage-first heap   total 242688K, used 241627K [0x0000000080000000, 0x0000000100000000)
  region size 1024K, 75 young (76800K), 2 survivors (2048K)
 Metaspace       used 106517K, committed 108672K, reserved 1179648K
  class space    used 14421K, committed 15488K, reserved 1048576K
}
Event: 22.257 GC heap after
{Heap after GC invocations=43 (full 0):
 garbage-first heap   total 253952K, used 143827K [0x0000000080000000, 0x0000000100000000)
  region size 1024K, 10 young (10240K), 10 survivors (10240K)
 Metaspace       used 106517K, committed 108672K, reserved 1179648K
  class space    used 14421K, committed 15488K, reserved 1048576K
}
Event: 22.929 GC heap before
{Heap before GC invocations=43 (full 0):
 garbage-first heap   total 253952K, used 217555K [0x0000000080000000, 0x0000000100000000)
  region size 1024K, 83 young (84992K), 10 survivors (10240K)
 Metaspace       used 109961K, committed 112128K, reserved 1179648K
  class space    used 14731K, committed 15808K, reserved 1048576K
}
Event: 22.947 GC heap after
{Heap after GC invocations=44 (full 0):
 garbage-first heap   total 253952K, used 152314K [0x0000000080000000, 0x0000000100000000)
  region size 1024K, 10 young (10240K), 10 survivors (10240K)
 Metaspace       used 109961K, committed 112128K, reserved 1179648K
  class space    used 14731K, committed 15808K, reserved 1048576K
}
Event: 23.629 GC heap before
{Heap before GC invocations=44 (full 0):
 garbage-first heap   total 253952K, used 221946K [0x0000000080000000, 0x0000000100000000)
  region size 1024K, 79 young (80896K), 10 survivors (10240K)
 Metaspace       used 110863K, committed 112960K, reserved 1179648K
  class space    used 14812K, committed 15872K, reserved 1048576K
}
Event: 23.637 GC heap after
{Heap after GC invocations=45 (full 0):
 garbage-first heap   total 253952K, used 152791K [0x0000000080000000, 0x0000000100000000)
  region size 1024K, 3 young (3072K), 3 survivors (3072K)
 Metaspace       used 110863K, committed 112960K, reserved 1179648K
  class space    used 14812K, committed 15872K, reserved 1048576K
}
Event: 25.250 GC heap before
{Heap before GC invocations=46 (full 0):
 garbage-first heap   total 253952K, used 212183K [0x0000000080000000, 0x0000000100000000)
  region size 1024K, 76 young (77824K), 3 survivors (3072K)
 Metaspace       used 112820K, committed 114944K, reserved 1179648K
  class space    used 15031K, committed 16064K, reserved 1048576K
}
Event: 25.256 GC heap after
{Heap after GC invocations=47 (full 0):
 garbage-first heap   total 253952K, used 139948K [0x0000000080000000, 0x0000000100000000)
  region size 1024K, 4 young (4096K), 4 survivors (4096K)
 Metaspace       used 112820K, committed 114944K, reserved 1179648K
  class space    used 15031K, committed 16064K, reserved 1048576K
}
Event: 26.492 GC heap before
{Heap before GC invocations=47 (full 0):
 garbage-first heap   total 253952K, used 226988K [0x0000000080000000, 0x0000000100000000)
  region size 1024K, 90 young (92160K), 4 survivors (4096K)
 Metaspace       used 117281K, committed 119488K, reserved 1179648K
  class space    used 15627K, committed 16704K, reserved 1048576K
}
Event: 26.504 GC heap after
{Heap after GC invocations=48 (full 0):
 garbage-first heap   total 253952K, used 124788K [0x0000000080000000, 0x0000000100000000)
  region size 1024K, 9 young (9216K), 9 survivors (9216K)
 Metaspace       used 117281K, committed 119488K, reserved 1179648K
  class space    used 15627K, committed 16704K, reserved 1048576K
}
Event: 27.309 GC heap before
{Heap before GC invocations=48 (full 0):
 garbage-first heap   total 253952K, used 229236K [0x0000000080000000, 0x0000000100000000)
  region size 1024K, 112 young (114688K), 9 survivors (9216K)
 Metaspace       used 118044K, committed 120192K, reserved 1179648K
  class space    used 15715K, committed 16768K, reserved 1048576K
}
Event: 27.329 GC heap after
{Heap after GC invocations=49 (full 0):
 garbage-first heap   total 253952K, used 132365K [0x0000000080000000, 0x0000000100000000)
  region size 1024K, 14 young (14336K), 14 survivors (14336K)
 Metaspace       used 118044K, committed 120192K, reserved 1179648K
  class space    used 15715K, committed 16768K, reserved 1048576K
}
Event: 28.290 GC heap before
{Heap before GC invocations=50 (full 0):
 garbage-first heap   total 253952K, used 245005K [0x0000000080000000, 0x0000000100000000)
  region size 1024K, 105 young (107520K), 14 survivors (14336K)
 Metaspace       used 120990K, committed 123136K, reserved 1179648K
  class space    used 16105K, committed 17152K, reserved 1048576K
}
Event: 28.319 GC heap after
{Heap after GC invocations=51 (full 0):
 garbage-first heap   total 280576K, used 173051K [0x0000000080000000, 0x0000000100000000)
  region size 1024K, 14 young (14336K), 14 survivors (14336K)
 Metaspace       used 120990K, committed 123136K, reserved 1179648K
  class space    used 16105K, committed 17152K, reserved 1048576K
}
Event: 28.634 GC heap before
{Heap before GC invocations=51 (full 0):
 garbage-first heap   total 283648K, used 282619K [0x0000000080000000, 0x0000000100000000)
  region size 1024K, 79 young (80896K), 14 survivors (14336K)
 Metaspace       used 122368K, committed 124480K, reserved 1179648K
  class space    used 16289K, committed 17344K, reserved 1048576K
}
Event: 28.649 GC heap after
{Heap after GC invocations=52 (full 0):
 garbage-first heap   total 312320K, used 194516K [0x0000000080000000, 0x0000000100000000)
  region size 1024K, 11 young (11264K), 11 survivors (11264K)
 Metaspace       used 122368K, committed 124480K, reserved 1179648K
  class space    used 16289K, committed 17344K, reserved 1048576K
}
Event: 28.660 GC heap before
{Heap before GC invocations=52 (full 0):
 garbage-first heap   total 312320K, used 196564K [0x0000000080000000, 0x0000000100000000)
  region size 1024K, 15 young (15360K), 11 survivors (11264K)
 Metaspace       used 122386K, committed 124544K, reserved 1179648K
  class space    used 16292K, committed 17344K, reserved 1048576K
}
Event: 28.667 GC heap after
{Heap after GC invocations=53 (full 0):
 garbage-first heap   total 312320K, used 198116K [0x0000000080000000, 0x0000000100000000)
  region size 1024K, 3 young (3072K), 3 survivors (3072K)
 Metaspace       used 122386K, committed 124544K, reserved 1179648K
  class space    used 16292K, committed 17344K, reserved 1048576K
}
Event: 29.396 GC heap before
{Heap before GC invocations=54 (full 0):
 garbage-first heap   total 363520K, used 288228K [0x0000000080000000, 0x0000000100000000)
  region size 1024K, 79 young (80896K), 3 survivors (3072K)
 Metaspace       used 123104K, committed 125312K, reserved 1179648K
  class space    used 16391K, committed 17536K, reserved 1048576K
}
Event: 29.414 GC heap after
{Heap after GC invocations=55 (full 0):
 garbage-first heap   total 363520K, used 219131K [0x0000000080000000, 0x0000000100000000)
  region size 1024K, 10 young (10240K), 10 survivors (10240K)
 Metaspace       used 123104K, committed 125312K, reserved 1179648K
  class space    used 16391K, committed 17536K, reserved 1048576K
}

