# JRE version: OpenJDK Runtime Environment (21.0.3) (build 21.0.3+-12282718-b509.11)
# Java VM: OpenJDK 64-Bit Server VM (21.0.3+-12282718-b509.11, mixed mode, tiered, compressed oops, compressed class ptrs, g1 gc, windows-amd64)
GC Precious Log:
 CardTable entry size: 512
 Card Set container configuration: InlinePtr #cards 5 size 8 Array Of Cards #cards 12 size 40 Howl #buckets 4 coarsen threshold 1843 Howl Bitmap #cards 512 size 80 coarsen threshold 460 Card regions per heap region 1 cards per card region 2048
 CPUs: 8 total, 8 available
 Memory: 16077M
 Large Page Support: Disabled
 NUMA Support: Disabled
 Compressed Oops: Enabled (32-bit)
 Heap Region Size: 1M
 Heap Min Capacity: 8M
 Heap Initial Capacity: 252M
 Heap Max Capacity: 2G
 Pre-touch: Disabled
 Parallel Workers: 8
 Concurrent Workers: 2
 Concurrent Refinement Workers: 8
 Periodic GC: Disabled
Heap:
 garbage-first heap   total 394240K, used 335360K [0x0000000080000000, 0x0000000100000000)
  region size 1024K, 6 young (6144K), 6 survivors (6144K)
 Metaspace       used 111696K, committed 113728K, reserved 1179648K
  class space    used 15501K, committed 16512K, reserved 1048576K
GC Heap History (20 events):
Event: 11.611 GC heap after
{Heap after GC invocations=33 (full 0):
 garbage-first heap   total 184320K, used 98642K [0x0000000080000000, 0x0000000100000000)
  region size 1024K, 8 young (8192K), 8 survivors (8192K)
 Metaspace       used 98744K, committed 100736K, reserved 1179648K
  class space    used 13645K, committed 14656K, reserved 1048576K
}
Event: 12.180 GC heap before
{Heap before GC invocations=34 (full 0):
 garbage-first heap   total 199680K, used 168274K [0x0000000080000000, 0x0000000100000000)
  region size 1024K, 72 young (73728K), 8 survivors (8192K)
 Metaspace       used 101206K, committed 103232K, reserved 1179648K
  class space    used 13915K, committed 14912K, reserved 1048576K
}
Event: 12.189 GC heap after
{Heap after GC invocations=35 (full 0):
 garbage-first heap   total 199680K, used 101698K [0x0000000080000000, 0x0000000100000000)
  region size 1024K, 6 young (6144K), 6 survivors (6144K)
 Metaspace       used 101206K, committed 103232K, reserved 1179648K
  class space    used 13915K, committed 14912K, reserved 1048576K
}
Event: 12.484 GC heap before
{Heap before GC invocations=35 (full 0):
 garbage-first heap   total 199680K, used 178498K [0x0000000080000000, 0x0000000100000000)
  region size 1024K, 82 young (83968K), 6 survivors (6144K)
 Metaspace       used 102992K, committed 105024K, reserved 1179648K
  class space    used 14146K, committed 15168K, reserved 1048576K
}
Event: 12.493 GC heap after
{Heap after GC invocations=36 (full 0):
 garbage-first heap   total 199680K, used 103116K [0x0000000080000000, 0x0000000100000000)
  region size 1024K, 8 young (8192K), 8 survivors (8192K)
 Metaspace       used 102992K, committed 105024K, reserved 1179648K
  class space    used 14146K, committed 15168K, reserved 1048576K
}
Event: 12.715 GC heap before
{Heap before GC invocations=36 (full 0):
 garbage-first heap   total 199680K, used 133836K [0x0000000080000000, 0x0000000100000000)
  region size 1024K, 40 young (40960K), 8 survivors (8192K)
 Metaspace       used 104338K, committed 106432K, reserved 1179648K
  class space    used 14317K, committed 15360K, reserved 1048576K
}
Event: 12.724 GC heap after
{Heap after GC invocations=37 (full 0):
 garbage-first heap   total 199680K, used 105430K [0x0000000080000000, 0x0000000100000000)
  region size 1024K, 7 young (7168K), 7 survivors (7168K)
 Metaspace       used 104338K, committed 106432K, reserved 1179648K
  class space    used 14317K, committed 15360K, reserved 1048576K
}
Event: 13.276 GC heap before
{Heap before GC invocations=38 (full 0):
 garbage-first heap   total 254976K, used 252886K [0x0000000080000000, 0x0000000100000000)
  region size 1024K, 78 young (79872K), 7 survivors (7168K)
 Metaspace       used 108541K, committed 110656K, reserved 1179648K
  class space    used 14904K, committed 15936K, reserved 1048576K
}
Event: 13.288 GC heap after
{Heap after GC invocations=39 (full 0):
 garbage-first heap   total 284672K, used 171564K [0x0000000080000000, 0x0000000100000000)
  region size 1024K, 10 young (10240K), 10 survivors (10240K)
 Metaspace       used 108541K, committed 110656K, reserved 1179648K
  class space    used 14904K, committed 15936K, reserved 1048576K
}
Event: 13.986 GC heap before
{Heap before GC invocations=39 (full 0):
 garbage-first heap   total 284672K, used 254508K [0x0000000080000000, 0x0000000100000000)
  region size 1024K, 86 young (88064K), 10 survivors (10240K)
 Metaspace       used 108851K, committed 110912K, reserved 1179648K
  class space    used 14946K, committed 15936K, reserved 1048576K
}
Event: 14.019 GC heap after
{Heap after GC invocations=40 (full 0):
 garbage-first heap   total 356352K, used 203460K [0x0000000080000000, 0x0000000100000000)
  region size 1024K, 11 young (11264K), 11 survivors (11264K)
 Metaspace       used 108851K, committed 110912K, reserved 1179648K
  class space    used 14946K, committed 15936K, reserved 1048576K
}
Event: 14.021 GC heap before
{Heap before GC invocations=40 (full 0):
 garbage-first heap   total 356352K, used 203460K [0x0000000080000000, 0x0000000100000000)
  region size 1024K, 12 young (12288K), 11 survivors (11264K)
 Metaspace       used 108851K, committed 110912K, reserved 1179648K
  class space    used 14946K, committed 15936K, reserved 1048576K
}
Event: 14.038 GC heap after
{Heap after GC invocations=41 (full 0):
 garbage-first heap   total 356352K, used 205387K [0x0000000080000000, 0x0000000100000000)
  region size 1024K, 2 young (2048K), 2 survivors (2048K)
 Metaspace       used 108851K, committed 110912K, reserved 1179648K
  class space    used 14946K, committed 15936K, reserved 1048576K
}
Event: 14.620 GC heap before
{Heap before GC invocations=42 (full 0):
 garbage-first heap   total 394240K, used 303691K [0x0000000080000000, 0x0000000100000000)
  region size 1024K, 95 young (97280K), 2 survivors (2048K)
 Metaspace       used 111636K, committed 113664K, reserved 1179648K
  class space    used 15501K, committed 16512K, reserved 1048576K
}
Event: 14.665 GC heap after
{Heap after GC invocations=43 (full 0):
 garbage-first heap   total 394240K, used 248832K [0x0000000080000000, 0x0000000100000000)
  region size 1024K, 12 young (12288K), 12 survivors (12288K)
 Metaspace       used 111636K, committed 113664K, reserved 1179648K
  class space    used 15501K, committed 16512K, reserved 1048576K
}
Event: 14.933 GC heap before
{Heap before GC invocations=43 (full 0):
 garbage-first heap   total 394240K, used 327680K [0x0000000080000000, 0x0000000100000000)
  region size 1024K, 90 young (92160K), 12 survivors (12288K)
 Metaspace       used 111690K, committed 113728K, reserved 1179648K
  class space    used 15501K, committed 16512K, reserved 1048576K
}
Event: 15.004 GC heap after
{Heap after GC invocations=44 (full 0):
 garbage-first heap   total 394240K, used 288256K [0x0000000080000000, 0x0000000100000000)
  region size 1024K, 12 young (12288K), 12 survivors (12288K)
 Metaspace       used 111690K, committed 113728K, reserved 1179648K
  class space    used 15501K, committed 16512K, reserved 1048576K
}
Event: 15.162 GC heap before
{Heap before GC invocations=44 (full 0):
 garbage-first heap   total 394240K, used 340480K [0x0000000080000000, 0x0000000100000000)
  region size 1024K, 64 young (65536K), 12 survivors (12288K)
 Metaspace       used 111695K, committed 113728K, reserved 1179648K
  class space    used 15501K, committed 16512K, reserved 1048576K
}
Event: 15.199 GC heap after
{Heap after GC invocations=45 (full 0):
 garbage-first heap   total 394240K, used 315904K [0x0000000080000000, 0x0000000100000000)
  region size 1024K, 8 young (8192K), 8 survivors (8192K)
 Metaspace       used 111695K, committed 113728K, reserved 1179648K
  class space    used 15501K, committed 16512K, reserved 1048576K
}
Event: 15.344 GC heap before
{Heap before GC invocations=45 (full 0):
 garbage-first heap   total 394240K, used 352768K [0x0000000080000000, 0x0000000100000000)
  region size 1024K, 44 young (45056K), 8 survivors (8192K)
 Metaspace       used 111696K, committed 113728K, reserved 1179648K
  class space    used 15501K, committed 16512K, reserved 1048576K
}

