# JRE version: OpenJDK Runtime Environment (21.0.3) (build 21.0.3+-12282718-b509.11)
# Java VM: OpenJDK 64-Bit Server VM (21.0.3+-12282718-b509.11, mixed mode, tiered, compressed oops, compressed class ptrs, g1 gc, windows-amd64)
GC Precious Log:
 CardTable entry size: 512
 Card Set container configuration: InlinePtr #cards 5 size 8 Array Of Cards #cards 12 size 40 Howl #buckets 4 coarsen threshold 1843 Howl Bitmap #cards 512 size 80 coarsen threshold 460 Card regions per heap region 1 cards per card region 2048
 CPUs: 8 total, 8 available
 Memory: 16077M
 Large Page Support: Disabled
 NUMA Support: Disabled
 Compressed Oops: Enabled (32-bit)
 Heap Region Size: 1M
 Heap Min Capacity: 8M
 Heap Initial Capacity: 252M
 Heap Max Capacity: 2G
 Pre-touch: Disabled
 Parallel Workers: 8
 Concurrent Workers: 2
 Concurrent Refinement Workers: 8
 Periodic GC: Disabled
Heap:
 garbage-first heap   total 342016K, used 290304K [0x0000000080000000, 0x0000000100000000)
  region size 1024K, 6 young (6144K), 6 survivors (6144K)
 Metaspace       used 111822K, committed 113920K, reserved 1179648K
  class space    used 15534K, committed 16576K, reserved 1048576K
GC Heap History (20 events):
Event: 9.848 GC heap after
{Heap after GC invocations=30 (full 0):
 garbage-first heap   total 164864K, used 97828K [0x0000000080000000, 0x0000000100000000)
  region size 1024K, 6 young (6144K), 6 survivors (6144K)
 Metaspace       used 98535K, committed 100608K, reserved 1179648K
  class space    used 13638K, committed 14656K, reserved 1048576K
}
Event: 10.123 GC heap before
{Heap before GC invocations=31 (full 0):
 garbage-first heap   total 183296K, used 146980K [0x0000000080000000, 0x0000000100000000)
  region size 1024K, 55 young (56320K), 6 survivors (6144K)
 Metaspace       used 98631K, committed 100736K, reserved 1179648K
  class space    used 13652K, committed 14720K, reserved 1048576K
}
Event: 10.131 GC heap after
{Heap after GC invocations=32 (full 0):
 garbage-first heap   total 183296K, used 99958K [0x0000000080000000, 0x0000000100000000)
  region size 1024K, 5 young (5120K), 5 survivors (5120K)
 Metaspace       used 98631K, committed 100736K, reserved 1179648K
  class space    used 13652K, committed 14720K, reserved 1048576K
}
Event: 10.643 GC heap before
{Heap before GC invocations=32 (full 0):
 garbage-first heap   total 183296K, used 169590K [0x0000000080000000, 0x0000000100000000)
  region size 1024K, 69 young (70656K), 5 survivors (5120K)
 Metaspace       used 102278K, committed 104320K, reserved 1179648K
  class space    used 14063K, committed 15104K, reserved 1048576K
}
Event: 10.655 GC heap after
{Heap after GC invocations=33 (full 0):
 garbage-first heap   total 183296K, used 101722K [0x0000000080000000, 0x0000000100000000)
  region size 1024K, 8 young (8192K), 8 survivors (8192K)
 Metaspace       used 102278K, committed 104320K, reserved 1179648K
  class space    used 14063K, committed 15104K, reserved 1048576K
}
Event: 10.930 GC heap before
{Heap before GC invocations=33 (full 0):
 garbage-first heap   total 183296K, used 163162K [0x0000000080000000, 0x0000000100000000)
  region size 1024K, 69 young (70656K), 8 survivors (8192K)
 Metaspace       used 103729K, committed 105792K, reserved 1179648K
  class space    used 14250K, committed 15296K, reserved 1048576K
}
Event: 10.940 GC heap after
{Heap after GC invocations=34 (full 0):
 garbage-first heap   total 220160K, used 103868K [0x0000000080000000, 0x0000000100000000)
  region size 1024K, 5 young (5120K), 5 survivors (5120K)
 Metaspace       used 103729K, committed 105792K, reserved 1179648K
  class space    used 14250K, committed 15296K, reserved 1048576K
}
Event: 11.818 GC heap before
{Heap before GC invocations=35 (full 0):
 garbage-first heap   total 227328K, used 225724K [0x0000000080000000, 0x0000000100000000)
  region size 1024K, 84 young (86016K), 5 survivors (5120K)
 Metaspace       used 108632K, committed 110784K, reserved 1179648K
  class space    used 14928K, committed 16000K, reserved 1048576K
}
Event: 11.830 GC heap after
{Heap after GC invocations=36 (full 0):
 garbage-first heap   total 248832K, used 150590K [0x0000000080000000, 0x0000000100000000)
  region size 1024K, 12 young (12288K), 12 survivors (12288K)
 Metaspace       used 108632K, committed 110784K, reserved 1179648K
  class space    used 14928K, committed 16000K, reserved 1048576K
}
Event: 12.221 GC heap before
{Heap before GC invocations=36 (full 0):
 garbage-first heap   total 249856K, used 247870K [0x0000000080000000, 0x0000000100000000)
  region size 1024K, 70 young (71680K), 12 survivors (12288K)
 Metaspace       used 108959K, committed 111040K, reserved 1179648K
  class space    used 14970K, committed 16000K, reserved 1048576K
}
Event: 12.243 GC heap after
{Heap after GC invocations=37 (full 0):
 garbage-first heap   total 287744K, used 189092K [0x0000000080000000, 0x0000000100000000)
  region size 1024K, 10 young (10240K), 10 survivors (10240K)
 Metaspace       used 108959K, committed 111040K, reserved 1179648K
  class space    used 14970K, committed 16000K, reserved 1048576K
}
Event: 12.273 GC heap before
{Heap before GC invocations=37 (full 0):
 garbage-first heap   total 287744K, used 192164K [0x0000000080000000, 0x0000000100000000)
  region size 1024K, 14 young (14336K), 10 survivors (10240K)
 Metaspace       used 108959K, committed 111040K, reserved 1179648K
  class space    used 14970K, committed 16000K, reserved 1048576K
}
Event: 12.285 GC heap after
{Heap after GC invocations=38 (full 0):
 garbage-first heap   total 287744K, used 192105K [0x0000000080000000, 0x0000000100000000)
  region size 1024K, 2 young (2048K), 2 survivors (2048K)
 Metaspace       used 108959K, committed 111040K, reserved 1179648K
  class space    used 14970K, committed 16000K, reserved 1048576K
}
Event: 12.705 GC heap before
{Heap before GC invocations=39 (full 0):
 garbage-first heap   total 342016K, used 251497K [0x0000000080000000, 0x0000000100000000)
  region size 1024K, 56 young (57344K), 2 survivors (2048K)
 Metaspace       used 108976K, committed 111040K, reserved 1179648K
  class space    used 14971K, committed 16000K, reserved 1048576K
}
Event: 12.733 GC heap after
{Heap after GC invocations=40 (full 0):
 garbage-first heap   total 342016K, used 219824K [0x0000000080000000, 0x0000000100000000)
  region size 1024K, 7 young (7168K), 7 survivors (7168K)
 Metaspace       used 108976K, committed 111040K, reserved 1179648K
  class space    used 14971K, committed 16000K, reserved 1048576K
}
Event: 13.102 GC heap before
{Heap before GC invocations=40 (full 0):
 garbage-first heap   total 342016K, used 286384K [0x0000000080000000, 0x0000000100000000)
  region size 1024K, 72 young (73728K), 7 survivors (7168K)
 Metaspace       used 111758K, committed 113856K, reserved 1179648K
  class space    used 15534K, committed 16576K, reserved 1048576K
}
Event: 13.140 GC heap after
{Heap after GC invocations=41 (full 0):
 garbage-first heap   total 342016K, used 245248K [0x0000000080000000, 0x0000000100000000)
  region size 1024K, 9 young (9216K), 9 survivors (9216K)
 Metaspace       used 111758K, committed 113856K, reserved 1179648K
  class space    used 15534K, committed 16576K, reserved 1048576K
}
Event: 13.357 GC heap before
{Heap before GC invocations=41 (full 0):
 garbage-first heap   total 342016K, used 294400K [0x0000000080000000, 0x0000000100000000)
  region size 1024K, 58 young (59392K), 9 survivors (9216K)
 Metaspace       used 111821K, committed 113920K, reserved 1179648K
  class space    used 15534K, committed 16576K, reserved 1048576K
}
Event: 13.400 GC heap after
{Heap after GC invocations=42 (full 0):
 garbage-first heap   total 342016K, used 271360K [0x0000000080000000, 0x0000000100000000)
  region size 1024K, 8 young (8192K), 8 survivors (8192K)
 Metaspace       used 111821K, committed 113920K, reserved 1179648K
  class space    used 15534K, committed 16576K, reserved 1048576K
}
Event: 13.561 GC heap before
{Heap before GC invocations=42 (full 0):
 garbage-first heap   total 342016K, used 304128K [0x0000000080000000, 0x0000000100000000)
  region size 1024K, 41 young (41984K), 8 survivors (8192K)
 Metaspace       used 111822K, committed 113920K, reserved 1179648K
  class space    used 15534K, committed 16576K, reserved 1048576K
}

